c:\users\ash\source\repos\componentframework26.157.0\componentframework\debug\vc143.pdb
c:\users\ash\source\repos\componentframework26.157.0\componentframework\debug\vc143.idb
c:\users\ash\source\repos\componentframework26.157.0\componentframework\debug\texture.obj
c:\users\ash\source\repos\componentframework26.157.0\componentframework\debug\skybox.obj
c:\users\ash\source\repos\componentframework26.157.0\componentframework\debug\scene4g.obj
c:\users\ash\source\repos\componentframework26.157.0\componentframework\debug\scene3p.obj
c:\users\ash\source\repos\componentframework26.157.0\componentframework\debug\scene3g.obj
c:\users\ash\source\repos\componentframework26.157.0\componentframework\debug\scene2p.obj
c:\users\ash\source\repos\componentframework26.157.0\componentframework\debug\scene2g.obj
c:\users\ash\source\repos\componentframework26.157.0\componentframework\debug\scene1p.obj
c:\users\ash\source\repos\componentframework26.157.0\componentframework\debug\scene1g.obj
c:\users\ash\source\repos\componentframework26.157.0\componentframework\debug\scene0pr.obj
c:\users\ash\source\repos\componentframework26.157.0\componentframework\debug\scene0p.obj
c:\users\ash\source\repos\componentframework26.157.0\componentframework\debug\scene0g.obj
c:\users\ash\source\repos\componentframework26.157.0\componentframework\debug\imgui_widgets.obj
c:\users\ash\source\repos\componentframework26.157.0\componentframework\debug\imgui_tables.obj
c:\users\ash\source\repos\componentframework26.157.0\componentframework\debug\imgui_impl_sdl3.obj
c:\users\ash\source\repos\componentframework26.157.0\componentframework\debug\imgui_impl_opengl3.obj
c:\users\ash\source\repos\componentframework26.157.0\componentframework\debug\imgui_draw.obj
c:\users\ash\source\repos\componentframework26.157.0\componentframework\debug\imgui_demo.obj
c:\users\ash\source\repos\componentframework26.157.0\componentframework\debug\imgui.obj
c:\users\ash\source\repos\componentframework26.157.0\componentframework\debug\window.obj
c:\users\ash\source\repos\componentframework26.157.0\componentframework\debug\timer.obj
c:\users\ash\source\repos\componentframework26.157.0\componentframework\debug\shader.obj
c:\users\ash\source\repos\componentframework26.157.0\componentframework\debug\scenemanager.obj
c:\users\ash\source\repos\componentframework26.157.0\componentframework\debug\mesh.obj
c:\users\ash\source\repos\componentframework26.157.0\componentframework\debug\main.obj
c:\users\ash\source\repos\componentframework26.157.0\componentframework\debug\debug.obj
c:\users\ash\source\repos\componentframework26.157.0\componentframework\debug\collision.obj
c:\users\ash\source\repos\componentframework26.157.0\componentframework\debug\camera.obj
c:\users\ash\source\repos\componentframework26.157.0\componentframework\debug\body.obj
c:\users\ash\source\repos\componentframework26.157.0\debug\componentframework.pdb
c:\users\ash\source\repos\componentframework26.157.0\componentframework\debug\componen.614c2865.tlog\cl.command.1.tlog
c:\users\ash\source\repos\componentframework26.157.0\componentframework\debug\componen.614c2865.tlog\cl.read.1.tlog
c:\users\ash\source\repos\componentframework26.157.0\componentframework\debug\componen.614c2865.tlog\cl.write.1.tlog
c:\users\ash\source\repos\componentframework26.157.0\componentframework\debug\componen.614c2865.tlog\link-cvtres.read.1.tlog
c:\users\ash\source\repos\componentframework26.157.0\componentframework\debug\componen.614c2865.tlog\link-cvtres.write.1.tlog
c:\users\ash\source\repos\componentframework26.157.0\componentframework\debug\componen.614c2865.tlog\link-rc.read.1.tlog
c:\users\ash\source\repos\componentframework26.157.0\componentframework\debug\componen.614c2865.tlog\link-rc.write.1.tlog
c:\users\ash\source\repos\componentframework26.157.0\componentframework\debug\componen.614c2865.tlog\link.command.1.tlog
c:\users\ash\source\repos\componentframework26.157.0\componentframework\debug\componen.614c2865.tlog\link.read.1.tlog
c:\users\ash\source\repos\componentframework26.157.0\componentframework\debug\componen.614c2865.tlog\link.write.1.tlog
